{
  "stats": {
    "suites": 8,
    "tests": 17,
    "passes": 11,
    "pending": 6,
    "failures": 0,
    "start": "2024-09-25T07:44:24.440Z",
    "end": "2024-09-25T07:44:33.214Z",
    "duration": 8774,
    "testsRegistered": 17,
    "passPercent": 100,
    "pendingPercent": 35.294117647058826,
    "other": 0,
    "hasOther": false,
    "skipped": 0,
    "hasSkipped": false
  },
  "results": [
    {
      "uuid": "7bc112c2-8c24-4282-9f79-77cbf9fcfa77",
      "title": "",
      "fullFile": "",
      "file": "",
      "beforeHooks": [],
      "afterHooks": [],
      "tests": [],
      "suites": [
        {
          "uuid": "711179e7-d038-40ff-a0e4-3372d155962b",
          "title": "endpoint - auth",
          "fullFile": "C:\\Users\\Wisnu Dewansyah\\Documents\\wisnu\\sanber\\sanber-api-automation-penekanan-3\\main\\penekanan3.js",
          "file": "\\main\\penekanan3.js",
          "beforeHooks": [],
          "afterHooks": [],
          "tests": [
            {
              "title": "get token auth",
              "fullTitle": "endpoint - auth get token auth",
              "timedOut": false,
              "duration": 2088,
              "state": "passed",
              "speed": "slow",
              "pass": true,
              "fail": false,
              "pending": false,
              "context": null,
              "code": "const response = await request (baseUrl)\n        .post(\"/authentications\")\n        .set(\"Content-Type\", \"application/json\")\n        .send(payload)\n        accessToken = (await response).body.data.accessToken\n        refreshToken = (await response).body.data.refreshToken\n        userId = (await response).body.data.user.id\n        console.log('accessToken :', accessToken)\n        console.log('refreshToken :', refreshToken)\n        console.log('userId :', userId)",
              "err": {},
              "uuid": "e24a02de-c698-4837-a780-dab6005f61c7",
              "parentUUID": "711179e7-d038-40ff-a0e4-3372d155962b",
              "isHook": false,
              "skipped": false
            },
            {
              "title": "successfully login",
              "fullTitle": "endpoint - auth successfully login",
              "timedOut": false,
              "duration": 997,
              "state": "passed",
              "speed": "slow",
              "pass": true,
              "fail": false,
              "pending": false,
              "context": null,
              "code": "const response = await request(baseUrl)\n.post('/authentications')\n.send(payload)\n.set(\"Content-Type\", \"application/json\")\n// console.log((await response).body)\n//assertion\nexpect((await response).status).to.equal(201)\nexpect((await response).body.status).to.equal(\"success\");\nexpect((await response).body.message).to.equal(\"Authentication berhasil ditambahkan\");\nexpect((await response).body.data)\n.to.have.property(\"accessToken\")\n.to.be.a(\"string\");\n      expect((await response).body.data)\n.to.have.property(\"refreshToken\")\n.to.be.a(\"string\");",
              "err": {},
              "uuid": "c0090c1c-5296-47c2-b0c9-e7c4ab3026e1",
              "parentUUID": "711179e7-d038-40ff-a0e4-3372d155962b",
              "isHook": false,
              "skipped": false
            }
          ],
          "suites": [],
          "passes": [
            "e24a02de-c698-4837-a780-dab6005f61c7",
            "c0090c1c-5296-47c2-b0c9-e7c4ab3026e1"
          ],
          "failures": [],
          "pending": [],
          "skipped": [],
          "duration": 3085,
          "root": false,
          "rootEmpty": false,
          "_timeout": 2000
        },
        {
          "uuid": "fbbca14e-b59a-4093-943f-ceb6e59fb052",
          "title": "endpoint - users",
          "fullFile": "C:\\Users\\Wisnu Dewansyah\\Documents\\wisnu\\sanber\\sanber-api-automation-penekanan-3\\main\\penekanan3.js",
          "file": "\\main\\penekanan3.js",
          "beforeHooks": [],
          "afterHooks": [],
          "tests": [
            {
              "title": "users - get user detail",
              "fullTitle": "endpoint - users users - get user detail",
              "timedOut": false,
              "duration": 416,
              "state": "passed",
              "speed": "slow",
              "pass": true,
              "fail": false,
              "pending": false,
              "context": null,
              "code": "const response = await request (baseUrl)\n.get(\"/users/\" + (userId))\n.set(\"Authorization\", `Bearer ${accessToken}`)\n    \nconsole.log((await response).body)\n    \n//assertion\nexpect((await response).status).to.equal(200)\nexpect((await response).body.status).to.equal(\"success\")",
              "err": {},
              "uuid": "f965df4f-e02a-41f0-8274-3b068dccde5e",
              "parentUUID": "fbbca14e-b59a-4093-943f-ceb6e59fb052",
              "isHook": false,
              "skipped": false
            }
          ],
          "suites": [],
          "passes": [
            "f965df4f-e02a-41f0-8274-3b068dccde5e"
          ],
          "failures": [],
          "pending": [],
          "skipped": [],
          "duration": 416,
          "root": false,
          "rootEmpty": false,
          "_timeout": 2000
        },
        {
          "uuid": "164e7ec0-c1f7-47e1-92b6-1e6e1039d6a4",
          "title": "endpoint - units",
          "fullFile": "C:\\Users\\Wisnu Dewansyah\\Documents\\wisnu\\sanber\\sanber-api-automation-penekanan-3\\main\\penekanan3.js",
          "file": "\\main\\penekanan3.js",
          "beforeHooks": [],
          "afterHooks": [],
          "tests": [
            {
              "title": "units - create units",
              "fullTitle": "endpoint - units units - create units",
              "timedOut": false,
              "duration": 0,
              "state": "pending",
              "speed": null,
              "pass": false,
              "fail": false,
              "pending": true,
              "context": null,
              "code": "",
              "err": {},
              "uuid": "fb3cf804-ef04-444d-b999-1e7398ee7819",
              "parentUUID": "164e7ec0-c1f7-47e1-92b6-1e6e1039d6a4",
              "isHook": false,
              "skipped": false
            },
            {
              "title": "units - get units detail",
              "fullTitle": "endpoint - units units - get units detail",
              "timedOut": false,
              "duration": 839,
              "state": "passed",
              "speed": "slow",
              "pass": true,
              "fail": false,
              "pending": false,
              "context": null,
              "code": "const response = await request (baseUrl)\n.get(\"/units\")\n.set(\"Authorization\", `Bearer ${accessToken}`)\nunitId = (await response).body.data.units[0].id\nconsole.log(\"unitId :\", unitId)\n//assertion\nexpect((await response).status).to.equal(200)\nexpect((await response).body.status).to.equal(\"success\")",
              "err": {},
              "uuid": "29fea2f0-a481-4a88-886e-aeaf95b8674c",
              "parentUUID": "164e7ec0-c1f7-47e1-92b6-1e6e1039d6a4",
              "isHook": false,
              "skipped": false
            }
          ],
          "suites": [],
          "passes": [
            "29fea2f0-a481-4a88-886e-aeaf95b8674c"
          ],
          "failures": [],
          "pending": [
            "fb3cf804-ef04-444d-b999-1e7398ee7819"
          ],
          "skipped": [],
          "duration": 839,
          "root": false,
          "rootEmpty": false,
          "_timeout": 2000
        },
        {
          "uuid": "74328b54-a234-4044-b370-8cc15fd481ef",
          "title": "endpoint - categories",
          "fullFile": "C:\\Users\\Wisnu Dewansyah\\Documents\\wisnu\\sanber\\sanber-api-automation-penekanan-3\\main\\penekanan3.js",
          "file": "\\main\\penekanan3.js",
          "beforeHooks": [],
          "afterHooks": [],
          "tests": [
            {
              "title": "categories - create category",
              "fullTitle": "endpoint - categories categories - create category",
              "timedOut": false,
              "duration": 0,
              "state": "pending",
              "speed": null,
              "pass": false,
              "fail": false,
              "pending": true,
              "context": null,
              "code": "",
              "err": {},
              "uuid": "de379fd5-0168-4a2e-b2cc-291c3ed929a6",
              "parentUUID": "74328b54-a234-4044-b370-8cc15fd481ef",
              "isHook": false,
              "skipped": false
            },
            {
              "title": "categories - get category",
              "fullTitle": "endpoint - categories categories - get category",
              "timedOut": false,
              "duration": 1012,
              "state": "passed",
              "speed": "slow",
              "pass": true,
              "fail": false,
              "pending": false,
              "context": null,
              "code": "const response = await request (baseUrl)\n.get(\"/categories\")\n.set(\"Authorization\", `Bearer ${accessToken}`)\ncategoryId = (await response).body.data.categories[0].id\nconsole.log('categoryId :', categoryId)\n//assertion\nexpect((await response).status).to.equal(200)\nexpect((await response).body.status).to.equal(\"success\")",
              "err": {},
              "uuid": "02842de7-a2c5-4314-b990-9fdddc007d5c",
              "parentUUID": "74328b54-a234-4044-b370-8cc15fd481ef",
              "isHook": false,
              "skipped": false
            }
          ],
          "suites": [],
          "passes": [
            "02842de7-a2c5-4314-b990-9fdddc007d5c"
          ],
          "failures": [],
          "pending": [
            "de379fd5-0168-4a2e-b2cc-291c3ed929a6"
          ],
          "skipped": [],
          "duration": 1012,
          "root": false,
          "rootEmpty": false,
          "_timeout": 2000
        },
        {
          "uuid": "31057925-36d0-42df-b451-dcfda9fe695b",
          "title": "endpoint - customers",
          "fullFile": "C:\\Users\\Wisnu Dewansyah\\Documents\\wisnu\\sanber\\sanber-api-automation-penekanan-3\\main\\penekanan3.js",
          "file": "\\main\\penekanan3.js",
          "beforeHooks": [],
          "afterHooks": [],
          "tests": [
            {
              "title": "customers - create customers",
              "fullTitle": "endpoint - customers customers - create customers",
              "timedOut": false,
              "duration": 0,
              "state": "pending",
              "speed": null,
              "pass": false,
              "fail": false,
              "pending": true,
              "context": null,
              "code": "",
              "err": {},
              "uuid": "4a2ba980-d27d-48f6-b32c-e525663122c2",
              "parentUUID": "31057925-36d0-42df-b451-dcfda9fe695b",
              "isHook": false,
              "skipped": false
            },
            {
              "title": "customers - get customers",
              "fullTitle": "endpoint - customers customers - get customers",
              "timedOut": false,
              "duration": 621,
              "state": "passed",
              "speed": "slow",
              "pass": true,
              "fail": false,
              "pending": false,
              "context": null,
              "code": "const response = await request (baseUrl)\n.get(\"/customers\")\n.set(\"Authorization\", `Bearer ${accessToken}`)\nconsole.log((await response).body.data)\ncusId = (await response).body.data.customers[0].id\nconsole.log(\"CustomerId\", cusId)\n//assertion\nexpect((await response).status).to.equal(200)\nexpect((await response).body.status).to.equal(\"success\")",
              "err": {},
              "uuid": "7750fa5d-04b9-4800-9324-530f1bd481a8",
              "parentUUID": "31057925-36d0-42df-b451-dcfda9fe695b",
              "isHook": false,
              "skipped": false
            }
          ],
          "suites": [],
          "passes": [
            "7750fa5d-04b9-4800-9324-530f1bd481a8"
          ],
          "failures": [],
          "pending": [
            "4a2ba980-d27d-48f6-b32c-e525663122c2"
          ],
          "skipped": [],
          "duration": 621,
          "root": false,
          "rootEmpty": false,
          "_timeout": 2000
        },
        {
          "uuid": "984043be-dca8-4870-b71f-566a9999e533",
          "title": "endpoint - product",
          "fullFile": "C:\\Users\\Wisnu Dewansyah\\Documents\\wisnu\\sanber\\sanber-api-automation-penekanan-3\\main\\penekanan3.js",
          "file": "\\main\\penekanan3.js",
          "beforeHooks": [],
          "afterHooks": [],
          "tests": [
            {
              "title": "customers - create product",
              "fullTitle": "endpoint - product customers - create product",
              "timedOut": false,
              "duration": 0,
              "state": "pending",
              "speed": null,
              "pass": false,
              "fail": false,
              "pending": true,
              "context": null,
              "code": "",
              "err": {},
              "uuid": "31b2ddd4-b70a-4c9f-8e6c-f70824e57c16",
              "parentUUID": "984043be-dca8-4870-b71f-566a9999e533",
              "isHook": false,
              "skipped": false
            },
            {
              "title": "customers - get product",
              "fullTitle": "endpoint - product customers - get product",
              "timedOut": false,
              "duration": 441,
              "state": "passed",
              "speed": "slow",
              "pass": true,
              "fail": false,
              "pending": false,
              "context": null,
              "code": "const response = await request (baseUrl)\n.get(\"/products\")\n.set(\"Authorization\", `Bearer ${accessToken}`)\nproductId = (await response).body.data.products[0].id\nconsole.log('productId :', productId)\n//assertion\nexpect((await response).status).to.equal(200)\nexpect((await response).body.status).to.equal(\"success\")",
              "err": {},
              "uuid": "e7f78331-66b1-4f51-8d12-e2fa87d43fd3",
              "parentUUID": "984043be-dca8-4870-b71f-566a9999e533",
              "isHook": false,
              "skipped": false
            }
          ],
          "suites": [],
          "passes": [
            "e7f78331-66b1-4f51-8d12-e2fa87d43fd3"
          ],
          "failures": [],
          "pending": [
            "31b2ddd4-b70a-4c9f-8e6c-f70824e57c16"
          ],
          "skipped": [],
          "duration": 441,
          "root": false,
          "rootEmpty": false,
          "_timeout": 2000
        },
        {
          "uuid": "d77dec49-b123-4163-bc45-e06a52a2901c",
          "title": "endpoint - sales",
          "fullFile": "C:\\Users\\Wisnu Dewansyah\\Documents\\wisnu\\sanber\\sanber-api-automation-penekanan-3\\main\\penekanan3.js",
          "file": "\\main\\penekanan3.js",
          "beforeHooks": [],
          "afterHooks": [],
          "tests": [
            {
              "title": "sales - create sales",
              "fullTitle": "endpoint - sales sales - create sales",
              "timedOut": false,
              "duration": 0,
              "state": "pending",
              "speed": null,
              "pass": false,
              "fail": false,
              "pending": true,
              "context": null,
              "code": "",
              "err": {},
              "uuid": "e21884e4-269d-40ca-a976-b193e58b3a15",
              "parentUUID": "d77dec49-b123-4163-bc45-e06a52a2901c",
              "isHook": false,
              "skipped": false
            },
            {
              "title": "sales - get list sale data",
              "fullTitle": "endpoint - sales sales - get list sale data",
              "timedOut": false,
              "duration": 462,
              "state": "passed",
              "speed": "slow",
              "pass": true,
              "fail": false,
              "pending": false,
              "context": null,
              "code": "const response = await request (baseUrl)\n.get(`/sales`+`?startDate=${currentDate}&endDate=${futureDate}`)\n.set(\"Authorization\", `Bearer ${accessToken}`)\ngetSalesId = (await response).body.data.sales[0].id\nconsole.log('salesId :', getSalesId)\n//assertion\nexpect((await response).status).to.equal(200)\nexpect((await response).body.status).to.equal(\"success\")",
              "err": {},
              "uuid": "7bc5125c-1856-4477-ac20-7857f3f62f0e",
              "parentUUID": "d77dec49-b123-4163-bc45-e06a52a2901c",
              "isHook": false,
              "skipped": false
            },
            {
              "title": "sales - get sale order data",
              "fullTitle": "endpoint - sales sales - get sale order data",
              "timedOut": false,
              "duration": 502,
              "state": "passed",
              "speed": "slow",
              "pass": true,
              "fail": false,
              "pending": false,
              "context": null,
              "code": "const response = await request (baseUrl)\n.get(`/sales/`+ (getSalesId))\n.set(\"Authorization\", `Bearer ${accessToken}`)\nconsole.log((await response).body)\n//assertion\nexpect((await response).status).to.equal(200)\nexpect((await response).body.status).to.equal(\"success\")",
              "err": {},
              "uuid": "cb8215ea-9924-445d-9b63-6bc313c2d50d",
              "parentUUID": "d77dec49-b123-4163-bc45-e06a52a2901c",
              "isHook": false,
              "skipped": false
            }
          ],
          "suites": [],
          "passes": [
            "7bc5125c-1856-4477-ac20-7857f3f62f0e",
            "cb8215ea-9924-445d-9b63-6bc313c2d50d"
          ],
          "failures": [],
          "pending": [
            "e21884e4-269d-40ca-a976-b193e58b3a15"
          ],
          "skipped": [],
          "duration": 964,
          "root": false,
          "rootEmpty": false,
          "_timeout": 2000
        },
        {
          "uuid": "f75f4dbf-b344-4d4b-b80c-ec2c465fadf7",
          "title": "endpoint - purchases",
          "fullFile": "C:\\Users\\Wisnu Dewansyah\\Documents\\wisnu\\sanber\\sanber-api-automation-penekanan-3\\main\\penekanan3.js",
          "file": "\\main\\penekanan3.js",
          "beforeHooks": [],
          "afterHooks": [],
          "tests": [
            {
              "title": "transaction - create transaction",
              "fullTitle": "endpoint - purchases transaction - create transaction",
              "timedOut": false,
              "duration": 0,
              "state": "pending",
              "speed": null,
              "pass": false,
              "fail": false,
              "pending": true,
              "context": null,
              "code": "",
              "err": {},
              "uuid": "dbd200bc-4343-4311-aea8-51e65b8763bc",
              "parentUUID": "f75f4dbf-b344-4d4b-b80c-ec2c465fadf7",
              "isHook": false,
              "skipped": false
            },
            {
              "title": "transaction - get list transaction",
              "fullTitle": "endpoint - purchases transaction - get list transaction",
              "timedOut": false,
              "duration": 911,
              "state": "passed",
              "speed": "slow",
              "pass": true,
              "fail": false,
              "pending": false,
              "context": null,
              "code": "const response = await request (baseUrl)\n.get(`/purchases`+`?startDate=${currentDate}&endDate=${futureDate}`)\n.set(\"Authorization\", `Bearer ${accessToken}`)\npurchaseId = (await response).body.data.purchases[0].id\nconsole.log('purchaseId :', purchaseId)\n//assertion\nexpect((await response).status).to.equal(200)\nexpect((await response).body.status).to.equal(\"success\")",
              "err": {},
              "uuid": "91a6c17e-305c-4d89-b6c3-69cba0e5ba27",
              "parentUUID": "f75f4dbf-b344-4d4b-b80c-ec2c465fadf7",
              "isHook": false,
              "skipped": false
            },
            {
              "title": "transaction - get transaction detail",
              "fullTitle": "endpoint - purchases transaction - get transaction detail",
              "timedOut": false,
              "duration": 434,
              "state": "passed",
              "speed": "slow",
              "pass": true,
              "fail": false,
              "pending": false,
              "context": null,
              "code": "const response = await request (baseUrl)\n.get('/purchases/'+(purchaseId))\n.set(\"Authorization\", `Bearer ${accessToken}`)\nconsole.log((await response).body)\n//assertion\nexpect((await response).status).to.equal(200)\nexpect((await response).body.status).to.equal(\"success\")",
              "err": {},
              "uuid": "a75de2b9-5dd8-4f50-a854-94049315b389",
              "parentUUID": "f75f4dbf-b344-4d4b-b80c-ec2c465fadf7",
              "isHook": false,
              "skipped": false
            }
          ],
          "suites": [],
          "passes": [
            "91a6c17e-305c-4d89-b6c3-69cba0e5ba27",
            "a75de2b9-5dd8-4f50-a854-94049315b389"
          ],
          "failures": [],
          "pending": [
            "dbd200bc-4343-4311-aea8-51e65b8763bc"
          ],
          "skipped": [],
          "duration": 1345,
          "root": false,
          "rootEmpty": false,
          "_timeout": 2000
        }
      ],
      "passes": [],
      "failures": [],
      "pending": [],
      "skipped": [],
      "duration": 0,
      "root": true,
      "rootEmpty": true,
      "_timeout": 2000
    }
  ],
  "meta": {
    "mocha": {
      "version": "10.7.3"
    },
    "mochawesome": {
      "options": {
        "quiet": false,
        "reportFilename": "mochawesome",
        "saveHtml": true,
        "saveJson": true,
        "consoleReporter": "spec",
        "useInlineDiffs": false,
        "code": true
      },
      "version": "7.1.3"
    },
    "marge": {
      "options": null,
      "version": "6.2.0"
    }
  }
}